This is pdfTeX, Version 3.14159265-2.6-1.40.18 (TeX Live 2017/Debian) (preloaded format=pdflatex 2020.3.25)  26 MAR 2020 17:51
entering extended mode
 restricted \write18 enabled.
 %&-line parsing enabled.
**tese.tex
(./tese.tex
LaTeX2e <2017-04-15>
Babel <3.18> and hyphenation patterns for 3 language(s) loaded.
(./ita.cls
Document Class: ita 2006/03/10 v2.0 Classe de documento com padrões do ITA
(/usr/share/texlive/texmf-dist/tex/generic/oberdiek/ifpdf.sty
Package: ifpdf 2017/03/15 v3.2 Provides the ifpdf switch
) (./defaults.def) (./mscfem.def) (/usr/share/texlive/texmf-dist/tex/latex/base
/book.cls
Document Class: book 2014/09/29 v1.4h Standard LaTeX document class
(/usr/share/texlive/texmf-dist/tex/latex/base/bk12.clo
File: bk12.clo 2014/09/29 v1.4h Standard LaTeX file (size option)
)
\c@part=\count79
\c@chapter=\count80
\c@section=\count81
\c@subsection=\count82
\c@subsubsection=\count83
\c@paragraph=\count84
\c@subparagraph=\count85
\c@figure=\count86
\c@table=\count87
\abovecaptionskip=\skip41
\belowcaptionskip=\skip42
\bibindent=\dimen102
)
(/usr/share/texlive/texmf-dist/tex/latex/tools/calc.sty
Package: calc 2014/10/28 v4.3 Infix arithmetic (KKT,FJ)
\calc@Acount=\count88
\calc@Bcount=\count89
\calc@Adimen=\dimen103
\calc@Bdimen=\dimen104
\calc@Askip=\skip43
\calc@Bskip=\skip44
LaTeX Info: Redefining \setlength on input line 80.
LaTeX Info: Redefining \addtolength on input line 81.
\calc@Ccount=\count90
\calc@Cskip=\skip45
)
(/usr/share/texlive/texmf-dist/tex/latex/base/ifthen.sty
Package: ifthen 2014/09/29 v1.1c Standard LaTeX ifthen package (DPC)
)
(/usr/share/texlive/texmf-dist/tex/generic/babel/babel.sty
Package: babel 2018/02/14 3.18 The Babel package

(/usr/share/texlive/texmf-dist/tex/generic/babel/switch.def
File: switch.def 2018/02/14 3.18 Babel switching mechanism
)
(/usr/share/texlive/texmf-dist/tex/generic/babel-english/english.ldf
Language: english 2017/06/06 v3.3r English support from the babel system

(/usr/share/texlive/texmf-dist/tex/generic/babel/babel.def
File: babel.def 2018/02/14 3.18 Babel common definitions
\babel@savecnt=\count91
\U@D=\dimen105

(/usr/share/texlive/texmf-dist/tex/generic/babel/txtbabel.def)
\bbl@dirlevel=\count92
)
\l@british = a dialect from \language\l@english 
\l@UKenglish = a dialect from \language\l@english 
\l@canadian = a dialect from \language\l@american 
\l@australian = a dialect from \language\l@british 
\l@newzealand = a dialect from \language\l@british 
)

! Package babel Error: Unknown option `portuges'. Either you misspelled it
(babel)                or the language definition file portuges.ldf was not fou
nd.

See the babel package documentation for explanation.
Type  H <return>  for immediate help.
 ...                                              
                                                  
l.445 \ProcessOptions*
                      
Valid options are: shorthands=, KeepShorthandsActive,
activeacute, activegrave, noconfigs, safe=, main=, math=
headfoot=, strings=, config=, hyphenmap=, or a language name.


! Package babel Error: Unknown option `brazil'. Either you misspelled it
(babel)                or the language definition file brazil.ldf was not found
.

See the babel package documentation for explanation.
Type  H <return>  for immediate help.
 ...                                              
                                                  
l.445 \ProcessOptions*
                      
Valid options are: shorthands=, KeepShorthandsActive,
activeacute, activegrave, noconfigs, safe=, main=, math=
headfoot=, strings=, config=, hyphenmap=, or a language name.

) (./itabr.babel) (/usr/share/texlive/texmf-dist/tex/latex/base/inputenc.sty
Package: inputenc 2015/03/17 v1.2c Input encoding file
\inpenc@prehook=\toks14
\inpenc@posthook=\toks15

(/usr/share/texlive/texmf-dist/tex/latex/base/latin1.def
File: latin1.def 2015/03/17 v1.2c Input encoding file
))
(/usr/share/texlive/texmf-dist/tex/latex/setspace/setspace.sty
Package: setspace 2011/12/19 v6.7a set line spacing
)
(/usr/share/texlive/texmf-dist/tex/latex/fancyhdr/fancyhdr.sty
Package: fancyhdr 2017/06/30 v3.9a Extensive control of page headers and footer
s
\f@nch@headwidth=\skip46
\f@nch@O@elh=\skip47
\f@nch@O@erh=\skip48
\f@nch@O@olh=\skip49
\f@nch@O@orh=\skip50
\f@nch@O@elf=\skip51
\f@nch@O@erf=\skip52
\f@nch@O@olf=\skip53
\f@nch@O@orf=\skip54
)
(/usr/share/texlive/texmf-dist/tex/latex/amsfonts/amsfonts.sty
Package: amsfonts 2013/01/14 v3.01 Basic AMSFonts support
\@emptytoks=\toks16
\symAMSa=\mathgroup4
\symAMSb=\mathgroup5
LaTeX Font Info:    Overwriting math alphabet `\mathfrak' in version `bold'
(Font)                  U/euf/m/n --> U/euf/b/n on input line 106.
)

! LaTeX Error: File `lastpage.sty' not found.

Type X to quit or <RETURN> to proceed,
or enter new name. (Default extension: sty)

Enter file name: 
! Emergency stop.
<read *> 
         
l.147 \RequirePackage
                     {indentfirst}^^M
*** (cannot \read from terminal in nonstop modes)

 
Here is how much of TeX's memory you used:
 1282 strings out of 494923
 17040 string characters out of 6180742
 74825 words of memory out of 5000000
 4628 multiletter control sequences out of 15000+600000
 3938 words of font info for 15 fonts, out of 8000000 for 9000
 14 hyphenation exceptions out of 8191
 30i,0n,45p,326b,36s stack positions out of 5000i,500n,10000p,200000b,80000s
!  ==> Fatal error occurred, no output PDF file produced!
